\BOOKMARK [1][-]{section.1}{\376\377\000I\000n\000t\000r\000o\000d\000u\000c\000t\000i\000o\000n}{}% 1
\BOOKMARK [1][-]{section.2}{\376\377\000D\000e\000s\000c\000r\000i\000p\000t\000i\000o\000n}{}% 2
\BOOKMARK [1][-]{section.3}{\376\377\000C\000o\000n\000c\000e\000p\000t\000i\000o\000n}{}% 3
\BOOKMARK [2][-]{subsection.3.1}{\376\377\000C\000e\000l\000l\000u\000l\000e\000s}{section.3}% 4
\BOOKMARK [2][-]{subsection.3.2}{\376\377\000C\000i\000r\000c\000u\000i\000t\000s}{section.3}% 5
\BOOKMARK [1][-]{section.4}{\376\377\000S\000\351\000c\000u\000r\000i\000t\000\351}{}% 6
\BOOKMARK [2][-]{subsection.4.1}{\376\377\000D\000o\000n\000n\000\351\000e\000s}{section.4}% 7
\BOOKMARK [3][-]{subsubsection.4.1.1}{\376\377\000C\000r\000y\000p\000t\000o\000g\000r\000a\000p\000h\000i\000e\000\040\000s\000y\000m\000\351\000t\000r\000i\000q\000u\000e}{subsection.4.1}% 8
\BOOKMARK [3][-]{subsubsection.4.1.2}{\376\377\000C\000r\000y\000p\000t\000o\000g\000r\000a\000p\000h\000i\000e\000\040\000a\000s\000y\000m\000\351\000t\000r\000i\000q\000u\000e}{subsection.4.1}% 9
\BOOKMARK [3][-]{subsubsection.4.1.3}{\376\377\000C\000o\000m\000p\000a\000r\000a\000i\000s\000o\000n\000\040\000c\000r\000y\000p\000t\000o\000g\000r\000a\000p\000h\000i\000e\000\040\000s\000y\000m\000\351\000t\000r\000i\000q\000u\000e\000\040\000e\000t\000\040\000a\000s\000y\000m\000\351\000t\000r\000i\000q\000u\000e}{subsection.4.1}% 10
\BOOKMARK [2][-]{subsection.4.2}{\376\377\000C\000o\000m\000m\000u\000n\000i\000c\000a\000t\000i\000o\000n\000s}{section.4}% 11
\BOOKMARK [3][-]{subsubsection.4.2.1}{\376\377\000D\000i\000f\000f\000i\000e\000-\000H\000e\000l\000m\000a\000n}{subsection.4.2}% 12
\BOOKMARK [3][-]{subsubsection.4.2.2}{\376\377\000T\000L\000S}{subsection.4.2}% 13
\BOOKMARK [1][-]{section.5}{\376\377\000F\000o\000n\000c\000t\000i\000o\000n\000n\000e\000m\000e\000n\000t}{}% 14
\BOOKMARK [2][-]{subsection.5.1}{\376\377\000I\000n\000i\000t\000i\000a\000l\000i\000s\000a\000t\000i\000o\000n}{section.5}% 15
\BOOKMARK [2][-]{subsection.5.2}{\376\377\000C\000o\000n\000s\000t\000r\000u\000c\000t\000i\000o\000n}{section.5}% 16
\BOOKMARK [2][-]{subsection.5.3}{\376\377\000U\000t\000i\000l\000i\000s\000a\000t\000i\000o\000n}{section.5}% 17
\BOOKMARK [1][-]{section.6}{\376\377\000V\0003\000\040\000O\000n\000i\000o\000n\000\040\000S\000e\000r\000v\000i\000c\000e\000s}{}% 18
\BOOKMARK [1][-]{section.7}{\376\377\000C\000o\000n\000c\000l\000u\000s\000i\000o\000n}{}% 19
\BOOKMARK [1][-]{appendix.A}{\376\377\000L\000a\000t\000e\000n\000c\000e\000\040\000e\000t\000\040\000a\000n\000o\000n\000y\000m\000a\000t}{}% 20
\BOOKMARK [1][-]{appendix.B}{\376\377\000M\000e\000n\000a\000c\000e\000s}{}% 21
\BOOKMARK [2][-]{subsection.B.1}{\376\377\000P\000a\000s\000s\000i\000v\000e}{appendix.B}% 22
\BOOKMARK [2][-]{subsection.B.2}{\376\377\000A\000c\000t\000i\000v\000e}{appendix.B}% 23
\BOOKMARK [2][-]{subsection.B.3}{\376\377\000A\000n\000n\000u\000a\000i\000r\000e}{appendix.B}% 24
\BOOKMARK [2][-]{subsection.B.4}{\376\377\000P\000o\000i\000n\000t\000s\000\040\000d\000e\000\040\000r\000e\000n\000d\000e\000z\000-\000v\000o\000u\000s}{appendix.B}% 25
\BOOKMARK [1][-]{section*.13}{\376\377\000F\000i\000g\000u\000r\000e\000s}{}% 26
\BOOKMARK [1][-]{section*.14}{\376\377\000T\000a\000b\000l\000e\000a\000u\000x}{}% 27
\BOOKMARK [1][-]{section*.15}{\376\377\000A\000l\000g\000o\000r\000i\000t\000h\000m\000e\000s}{}% 28
\BOOKMARK [1][-]{section*.16}{\376\377\000G\000l\000o\000s\000s\000a\000i\000r\000e}{}% 29
